<?xml version="1.0" encoding="utf-8"?><testsuites name="pytest tests"><testsuite name="pytest" errors="0" failures="0" skipped="0" tests="16" time="8.243" timestamp="2026-08-31T19:29:42.296715+00:00" hostname="agent-env-efb34f20-8c59-4f82-978d-af239d835215"><testcase classname="tests.test_iteration7.TestCostPrice" name="test_health" time="0.331" /><testcase classname="tests.test_iteration7.TestCostPrice" name="test_owner_create_product_with_cost_price" time="0.709" /><testcase classname="tests.test_iteration7.TestCostPrice" name="test_owner_update_cost_price_persists" time="0.257" /><testcase classname="tests.test_iteration7.TestCostPrice" name="test_update_nonexistent_product_404" time="0.082" /><testcase classname="tests.test_iteration7.TestCostPrice" name="test_legacy_product_without_cost_price_key" time="0.253" /><testcase classname="tests.test_iteration7.TestCostPrice" name="test_create_temp_users" time="2.943" /><testcase classname="tests.test_iteration7.TestCostPrice" name="test_vendedor_cannot_see_cost_price" time="0.179" /><testcase classname="tests.test_iteration7.TestCostPrice" name="test_vendedor_create_ignores_cost_price" time="0.209" /><testcase classname="tests.test_iteration7.TestCostPrice" name="test_vendedor_update_preserves_owner_cost_price" time="0.246" /><testcase classname="tests.test_iteration7.TestCostPrice" name="test_gerente_sees_cost_price" time="0.309" /><testcase classname="tests.test_iteration7.TestCostPrice" name="test_gerente_can_set_cost_price" time="0.217" /><testcase classname="tests.test_iteration7.TestCostPrice" name="test_orcamento_flow_and_pdf" time="0.433" /><testcase classname="tests.test_iteration7.TestCostPrice" name="test_vendedor_pdf_of_own_doc_with_new_field" time="0.228" /><testcase classname="tests.test_iteration7.TestCostPrice" name="test_stats_still_ok" time="0.089" /><testcase classname="tests.test_iteration7.TestCostPrice" name="test_yy_edge_findings" time="0.185" /><testcase classname="tests.test_iteration7.TestCostPrice" name="test_zz_cleanup" time="1.022" /></testsuite></testsuites>