<?xml version="1.0" encoding="utf-8"?><testsuites name="pytest tests"><testsuite name="pytest" errors="0" failures="0" skipped="0" tests="39" time="24.554" timestamp="2026-08-31T18:06:37.894858+00:00" hostname="agent-env-efb34f20-8c59-4f82-978d-af239d835215"><testcase classname="tests.test_iteration6.TestChangeCompanyCredentials" name="test_00_health" time="0.204" /><testcase classname="tests.test_iteration6.TestChangeCompanyCredentials" name="test_01_baseline_state" time="2.253" /><testcase classname="tests.test_iteration6.TestChangeCompanyCredentials" name="test_02_create_team_users" time="2.485" /><testcase classname="tests.test_iteration6.TestChangeCompanyCredentials" name="test_03_unauthenticated_is_401" time="0.178" /><testcase classname="tests.test_iteration6.TestChangeCompanyCredentials" name="test_04_non_owner_forbidden[vendedor]" time="0.991" /><testcase classname="tests.test_iteration6.TestChangeCompanyCredentials" name="test_04_non_owner_forbidden[gerente]" time="0.912" /><testcase classname="tests.test_iteration6.TestChangeCompanyCredentials" name="test_05_wrong_current_password" time="0.659" /><testcase classname="tests.test_iteration6.TestChangeCompanyCredentials" name="test_06_empty_payload_400[payload_extra0]" time="0.299" /><testcase classname="tests.test_iteration6.TestChangeCompanyCredentials" name="test_06_empty_payload_400[payload_extra1]" time="0.307" /><testcase classname="tests.test_iteration6.TestChangeCompanyCredentials" name="test_06_empty_payload_400[payload_extra2]" time="0.297" /><testcase classname="tests.test_iteration6.TestChangeCompanyCredentials" name="test_07_short_code_400[ab]" time="0.304" /><testcase classname="tests.test_iteration6.TestChangeCompanyCredentials" name="test_07_short_code_400[!!!]" time="0.302" /><testcase classname="tests.test_iteration6.TestChangeCompanyCredentials" name="test_07_short_code_400[@@@]" time="0.304" /><testcase classname="tests.test_iteration6.TestChangeCompanyCredentials" name="test_07_short_code_400[---]" time="0.298" /><testcase classname="tests.test_iteration6.TestChangeCompanyCredentials" name="test_07_short_code_400[   ]" time="0.306" /><testcase classname="tests.test_iteration6.TestChangeCompanyCredentials" name="test_07_short_code_400[-a-]" time="0.298" /><testcase classname="tests.test_iteration6.TestChangeCompanyCredentials" name="test_08_short_new_password_400" time="0.309" /><testcase classname="tests.test_iteration6.TestChangeCompanyCredentials" name="test_09_duplicate_code_400[equipe-kirius]" time="0.446" /><testcase classname="tests.test_iteration6.TestChangeCompanyCredentials" name="test_09_duplicate_code_400[Equipe Kirius]" time="0.452" /><testcase classname="tests.test_iteration6.TestChangeCompanyCredentials" name="test_09_duplicate_code_400[EQUIPE  KIRIUS]" time="0.409" /><testcase classname="tests.test_iteration6.TestChangeCompanyCredentials" name="test_10_accent_code_ascii_folds" time="0.303" /><testcase classname="tests.test_iteration6.TestChangeCompanyCredentials" name="test_11_new_code_logs_in_old_code_401" time="1.849" /><testcase classname="tests.test_iteration6.TestChangeCompanyCredentials" name="test_12_auth_me_reflects_new_code" time="0.081" /><testcase classname="tests.test_iteration6.TestChangeCompanyCredentials" name="test_13_change_password_only" time="1.211" /><testcase classname="tests.test_iteration6.TestChangeCompanyCredentials" name="test_14_change_code_and_password_together" time="1.201" /><testcase classname="tests.test_iteration6.TestChangeCompanyCredentials" name="test_15_lookup_company_empty_slug[   ]" time="0.144" /><testcase classname="tests.test_iteration6.TestChangeCompanyCredentials" name="test_15_lookup_company_empty_slug[!!!]" time="0.141" /><testcase classname="tests.test_iteration6.TestChangeCompanyCredentials" name="test_15_lookup_company_empty_slug[@@@]" time="0.152" /><testcase classname="tests.test_iteration6.TestChangeCompanyCredentials" name="test_15_lookup_company_empty_slug[---]" time="0.138" /><testcase classname="tests.test_iteration6.TestChangeCompanyCredentials" name="test_15_lookup_company_empty_slug[]" time="0.125" /><testcase classname="tests.test_iteration6.TestChangeCompanyCredentials" name="test_16_company_login_empty_slug[   ]" time="0.116" /><testcase classname="tests.test_iteration6.TestChangeCompanyCredentials" name="test_16_company_login_empty_slug[!!!]" time="0.137" /><testcase classname="tests.test_iteration6.TestChangeCompanyCredentials" name="test_16_company_login_empty_slug[@@@]" time="0.166" /><testcase classname="tests.test_iteration6.TestChangeCompanyCredentials" name="test_16_company_login_empty_slug[---]" time="0.154" /><testcase classname="tests.test_iteration6.TestChangeCompanyCredentials" name="test_16_company_login_empty_slug[]" time="0.161" /><testcase classname="tests.test_iteration6.TestChangeCompanyCredentials" name="test_17_restore_stable_and_two_step" time="1.264" /><testcase classname="tests.test_iteration6.TestChangeCompanyCredentials" name="test_18_regression_owner_crud" time="0.810" /><testcase classname="tests.test_iteration6.TestChangeCompanyCredentials" name="test_19_regression_gerente_vendedor" time="2.626" /><testcase classname="tests.test_iteration6.TestChangeCompanyCredentials" name="test_20_cleanup_test_data" time="1.650" /></testsuite></testsuites>