<?xml version="1.0" encoding="utf-8"?><testsuites name="pytest tests"><testsuite name="pytest" errors="0" failures="1" skipped="0" tests="23" time="10.911" timestamp="2026-08-31T17:57:46.395497+00:00" hostname="agent-env-efb34f20-8c59-4f82-978d-af239d835215"><testcase classname="tests.test_iteration5.TestSlugifyParity" name="test_00_health" time="0.488" /><testcase classname="tests.test_iteration5.TestSlugifyParity" name="test_company_login_variants_ok[gestor360]" time="0.364" /><testcase classname="tests.test_iteration5.TestSlugifyParity" name="test_company_login_variants_ok[Gestor360]" time="0.443" /><testcase classname="tests.test_iteration5.TestSlugifyParity" name="test_company_login_variants_ok[GESTOR360]" time="0.378" /><testcase classname="tests.test_iteration5.TestSlugifyParity" name="test_company_login_variants_ok[ gestor360 ]" time="0.373" /><testcase classname="tests.test_iteration5.TestSlugifyParity" name="test_company_login_variants_ok[  Gestor360]" time="0.383" /><testcase classname="tests.test_iteration5.TestSlugifyParity" name="test_company_login_space_variant_not_found" time="0.178" /><testcase classname="tests.test_iteration5.TestSlugifyParity" name="test_company_login_bad_password" time="0.374" /><testcase classname="tests.test_iteration5.TestSlugifyParity" name="test_company_login_nonexistent_code" time="0.138" /><testcase classname="tests.test_iteration5.TestSlugifyParity" name="test_company_login_empty_slug_code" time="0.552" /><testcase classname="tests.test_iteration5.TestSlugifyParity" name="test_lookup_company_kirius_variants[equipe-kirius]" time="0.123" /><testcase classname="tests.test_iteration5.TestSlugifyParity" name="test_lookup_company_kirius_variants[Equipe Kirius]" time="0.117" /><testcase classname="tests.test_iteration5.TestSlugifyParity" name="test_lookup_company_kirius_variants[EQUIPE KIRIUS]" time="0.146" /><testcase classname="tests.test_iteration5.TestSlugifyParity" name="test_lookup_company_kirius_variants[equipe kirius]" time="0.145" /><testcase classname="tests.test_iteration5.TestSlugifyParity" name="test_lookup_company_kirius_variants[ equipe-kirius ]" time="0.136" /><testcase classname="tests.test_iteration5.TestSlugifyParity" name="test_company_login_kirius_normalizes_to_401_wrong_pw[Equipe Kirius]" time="0.351" /><testcase classname="tests.test_iteration5.TestSlugifyParity" name="test_company_login_kirius_normalizes_to_401_wrong_pw[EQUIPE KIRIUS]" time="0.341" /><testcase classname="tests.test_iteration5.TestSlugifyParity" name="test_company_login_kirius_normalizes_to_401_wrong_pw[equipe kirius]" time="0.385" /><testcase classname="tests.test_iteration5.TestSlugifyParity" name="test_lookup_company_empty_slug" time="0.438"><failure message="AssertionError: lookup-company('   ') -&gt; {'found': True, 'name': 'Test User — Empresa', 'code': ''}; lookup-company('!!!') -&gt; {'found': True, 'name': 'Test User — Empresa', 'code': ''}; lookup-company('---') -&gt; {'found': True, 'name': 'Test User — Empresa', 'code': ''}&#10;assert not [&quot;lookup-company('   ') -&gt; {'found': True, 'name': 'Test User — Empresa', 'code': ''}&quot;, &quot;lookup-company('!!!') -&gt; {'fo...t User — Empresa', 'code': ''}&quot;, &quot;lookup-company('---') -&gt; {'found': True, 'name': 'Test User — Empresa', 'code': ''}&quot;]">E   AssertionError: lookup-company('   ') -&gt; {'found': True, 'name': 'Test User — Empresa', 'code': ''}; lookup-company('!!!') -&gt; {'found': True, 'name': 'Test User — Empresa', 'code': ''}; lookup-company('---') -&gt; {'found': True, 'name': 'Test User — Empresa', 'code': ''}
    assert not ["lookup-company('   ') -&gt; {'found': True, 'name': 'Test User — Empresa', 'code': ''}", "lookup-company('!!!') -&gt; {'fo...t User — Empresa', 'code': ''}", "lookup-company('---') -&gt; {'found': True, 'name': 'Test User — Empresa', 'code': ''}"]</failure></testcase><testcase classname="tests.test_iteration5.TestSlugifyParity" name="test_lookup_company_not_found" time="0.205" /><testcase classname="tests.test_iteration5.TestSlugifyParity" name="test_yy_setup_with_spaces_then_login_raw" time="2.387" /><testcase classname="tests.test_iteration5.TestSlugifyParity" name="test_yy2_setup_with_accents" time="0.673" /><testcase classname="tests.test_iteration5.TestSlugifyParity" name="test_zz_restore_stable_code_and_two_step" time="1.161" /></testsuite></testsuites>