<?xml version="1.0" encoding="utf-8"?><testsuites name="pytest tests"><testsuite name="pytest" errors="0" failures="0" skipped="0" tests="41" time="120.976" timestamp="2026-08-31T17:58:14.991530+00:00" hostname="agent-env-efb34f20-8c59-4f82-978d-af239d835215"><testcase classname="tests.test_iteration4.TestV2Flow" name="test_root" time="36.292" /><testcase classname="tests.test_iteration4.TestV2Flow" name="test_owner_login" time="0.790" /><testcase classname="tests.test_iteration4.TestV2Flow" name="test_owner_login_bad_password" time="68.496" /><testcase classname="tests.test_iteration4.TestV2Flow" name="test_auth_me" time="0.084" /><testcase classname="tests.test_iteration4.TestV2Flow" name="test_me_unauthenticated" time="0.193" /><testcase classname="tests.test_iteration4.TestV2Flow" name="test_migration_data_preserved" time="0.407" /><testcase classname="tests.test_iteration4.TestV2Flow" name="test_setup_company_short_code" time="0.107" /><testcase classname="tests.test_iteration4.TestV2Flow" name="test_setup_company_short_password" time="0.095" /><testcase classname="tests.test_iteration4.TestV2Flow" name="test_setup_company_success" time="0.384" /><testcase classname="tests.test_iteration4.TestV2Flow" name="test_setup_company_duplicate_code_from_other_company" time="0.555" /><testcase classname="tests.test_iteration4.TestV2Flow" name="test_lookup_company" time="0.178" /><testcase classname="tests.test_iteration4.TestV2Flow" name="test_lookup_company_not_found" time="0.152" /><testcase classname="tests.test_iteration4.TestV2Flow" name="test_create_vendedor" time="0.367" /><testcase classname="tests.test_iteration4.TestV2Flow" name="test_create_user_duplicate_username" time="0.080" /><testcase classname="tests.test_iteration4.TestV2Flow" name="test_create_user_short_password" time="0.084" /><testcase classname="tests.test_iteration4.TestV2Flow" name="test_update_user_name_and_password_reset" time="0.368" /><testcase classname="tests.test_iteration4.TestV2Flow" name="test_cannot_demote_owner" time="0.068" /><testcase classname="tests.test_iteration4.TestV2Flow" name="test_update_unknown_user_404" time="0.076" /><testcase classname="tests.test_iteration4.TestV2Flow" name="test_company_login_bad_code" time="0.146" /><testcase classname="tests.test_iteration4.TestV2Flow" name="test_company_login_bad_password" time="0.371" /><testcase classname="tests.test_iteration4.TestV2Flow" name="test_user_login_without_cookie" time="0.143" /><testcase classname="tests.test_iteration4.TestV2Flow" name="test_two_step_login_vendedor" time="0.921" /><testcase classname="tests.test_iteration4.TestV2Flow" name="test_owner_two_step_login" time="0.669" /><testcase classname="tests.test_iteration4.TestV2Flow" name="test_change_password_wrong_current" time="0.405" /><testcase classname="tests.test_iteration4.TestV2Flow" name="test_change_password_short_new" time="0.363" /><testcase classname="tests.test_iteration4.TestV2Flow" name="test_change_password_success" time="1.309" /><testcase classname="tests.test_iteration4.TestV2Flow" name="test_owner_client_product_document_crud" time="0.607" /><testcase classname="tests.test_iteration4.TestV2Flow" name="test_owner_document_update_and_convert" time="0.242" /><testcase classname="tests.test_iteration4.TestV2Flow" name="test_owner_pdf" time="0.085" /><testcase classname="tests.test_iteration4.TestV2Flow" name="test_owner_company_get_put" time="0.143" /><testcase classname="tests.test_iteration4.TestV2Flow" name="test_owner_stats" time="0.073" /><testcase classname="tests.test_iteration4.TestV2Flow" name="test_vendedor_sees_shared_clients_products" time="0.254" /><testcase classname="tests.test_iteration4.TestV2Flow" name="test_vendedor_documents_scoped" time="0.315" /><testcase classname="tests.test_iteration4.TestV2Flow" name="test_vendedor_creates_own_doc_and_pdf" time="0.422" /><testcase classname="tests.test_iteration4.TestV2Flow" name="test_vendedor_stats_scope_own" time="0.428" /><testcase classname="tests.test_iteration4.TestV2Flow" name="test_vendedor_forbidden_endpoints" time="0.622" /><testcase classname="tests.test_iteration4.TestV2Flow" name="test_vendedor_cannot_use_owner_login" time="0.406" /><testcase classname="tests.test_iteration4.TestV2Flow" name="test_gerente_can_update_company_but_not_users" time="1.307" /><testcase classname="tests.test_iteration4.TestV2Flow" name="test_oauth_bad_session" time="0.243" /><testcase classname="tests.test_iteration4.TestV2Flow" name="test_yy_edge_cases" time="0.761" /><testcase classname="tests.test_iteration4.TestV2Flow" name="test_zz_cleanup" time="1.140" /></testsuite></testsuites>