<?xml version="1.0" encoding="utf-8"?><testsuites name="pytest tests"><testsuite name="pytest" errors="0" failures="0" skipped="0" tests="41" time="18.058" timestamp="2026-08-31T15:35:44.571550+00:00" hostname="agent-env-efb34f20-8c59-4f82-978d-af239d835215"><testcase classname="tests.test_iteration4.TestV2Flow" name="test_root" time="0.287" /><testcase classname="tests.test_iteration4.TestV2Flow" name="test_owner_login" time="0.758" /><testcase classname="tests.test_iteration4.TestV2Flow" name="test_owner_login_bad_password" time="0.419" /><testcase classname="tests.test_iteration4.TestV2Flow" name="test_auth_me" time="0.093" /><testcase classname="tests.test_iteration4.TestV2Flow" name="test_me_unauthenticated" time="0.148" /><testcase classname="tests.test_iteration4.TestV2Flow" name="test_migration_data_preserved" time="0.383" /><testcase classname="tests.test_iteration4.TestV2Flow" name="test_setup_company_short_code" time="0.093" /><testcase classname="tests.test_iteration4.TestV2Flow" name="test_setup_company_short_password" time="0.099" /><testcase classname="tests.test_iteration4.TestV2Flow" name="test_setup_company_success" time="0.428" /><testcase classname="tests.test_iteration4.TestV2Flow" name="test_setup_company_duplicate_code_from_other_company" time="0.551" /><testcase classname="tests.test_iteration4.TestV2Flow" name="test_lookup_company" time="0.149" /><testcase classname="tests.test_iteration4.TestV2Flow" name="test_lookup_company_not_found" time="0.147" /><testcase classname="tests.test_iteration4.TestV2Flow" name="test_create_vendedor" time="0.413" /><testcase classname="tests.test_iteration4.TestV2Flow" name="test_create_user_duplicate_username" time="0.089" /><testcase classname="tests.test_iteration4.TestV2Flow" name="test_create_user_short_password" time="0.087" /><testcase classname="tests.test_iteration4.TestV2Flow" name="test_update_user_name_and_password_reset" time="0.403" /><testcase classname="tests.test_iteration4.TestV2Flow" name="test_cannot_demote_owner" time="0.093" /><testcase classname="tests.test_iteration4.TestV2Flow" name="test_update_unknown_user_404" time="0.090" /><testcase classname="tests.test_iteration4.TestV2Flow" name="test_company_login_bad_code" time="0.186" /><testcase classname="tests.test_iteration4.TestV2Flow" name="test_company_login_bad_password" time="0.389" /><testcase classname="tests.test_iteration4.TestV2Flow" name="test_user_login_without_cookie" time="0.177" /><testcase classname="tests.test_iteration4.TestV2Flow" name="test_two_step_login_vendedor" time="0.779" /><testcase classname="tests.test_iteration4.TestV2Flow" name="test_owner_two_step_login" time="0.754" /><testcase classname="tests.test_iteration4.TestV2Flow" name="test_change_password_wrong_current" time="0.360" /><testcase classname="tests.test_iteration4.TestV2Flow" name="test_change_password_short_new" time="0.413" /><testcase classname="tests.test_iteration4.TestV2Flow" name="test_change_password_success" time="1.423" /><testcase classname="tests.test_iteration4.TestV2Flow" name="test_owner_client_product_document_crud" time="0.738" /><testcase classname="tests.test_iteration4.TestV2Flow" name="test_owner_document_update_and_convert" time="0.285" /><testcase classname="tests.test_iteration4.TestV2Flow" name="test_owner_pdf" time="0.104" /><testcase classname="tests.test_iteration4.TestV2Flow" name="test_owner_company_get_put" time="0.181" /><testcase classname="tests.test_iteration4.TestV2Flow" name="test_owner_stats" time="0.096" /><testcase classname="tests.test_iteration4.TestV2Flow" name="test_vendedor_sees_shared_clients_products" time="0.336" /><testcase classname="tests.test_iteration4.TestV2Flow" name="test_vendedor_documents_scoped" time="0.366" /><testcase classname="tests.test_iteration4.TestV2Flow" name="test_vendedor_creates_own_doc_and_pdf" time="0.455" /><testcase classname="tests.test_iteration4.TestV2Flow" name="test_vendedor_stats_scope_own" time="0.266" /><testcase classname="tests.test_iteration4.TestV2Flow" name="test_vendedor_forbidden_endpoints" time="0.525" /><testcase classname="tests.test_iteration4.TestV2Flow" name="test_vendedor_cannot_use_owner_login" time="0.368" /><testcase classname="tests.test_iteration4.TestV2Flow" name="test_gerente_can_update_company_but_not_users" time="1.398" /><testcase classname="tests.test_iteration4.TestV2Flow" name="test_oauth_bad_session" time="0.238" /><testcase classname="tests.test_iteration4.TestV2Flow" name="test_yy_edge_cases" time="1.387" /><testcase classname="tests.test_iteration4.TestV2Flow" name="test_zz_cleanup" time="1.248" /></testsuite></testsuites>