<?xml version="1.0" encoding="utf-8"?><testsuites name="pytest tests"><testsuite name="pytest" errors="1" failures="29" skipped="48" tests="178" time="28.843" timestamp="2026-09-01T00:10:26.142183+00:00" hostname="agent-env-efb34f20-8c59-4f82-978d-af239d835215"><testcase classname="tests.test_iteration4.TestV2Flow" name="test_root" time="0.255" /><testcase classname="tests.test_iteration6.TestChangeCompanyCredentials" name="test_00_health" time="0.207" /><testcase classname="tests.test_iteration6.TestChangeCompanyCredentials" name="test_01_baseline_state" time="1.104" /><testcase classname="tests.test_iteration4.TestV2Flow" name="test_owner_login" time="1.061" /><testcase classname="tests.test_iteration6.TestChangeCompanyCredentials" name="test_02_create_team_users" time="0.861" /><testcase classname="tests.test_iteration4.TestV2Flow" name="test_owner_login_bad_password" time="0.521" /><testcase classname="tests.test_iteration4.TestV2Flow" name="test_auth_me" time="0.283" /><testcase classname="tests.test_iteration4.TestV2Flow" name="test_me_unauthenticated" time="0.154" /><testcase classname="tests.test_iteration6.TestChangeCompanyCredentials" name="test_03_unauthenticated_is_401" time="0.130" /><testcase classname="tests.test_iteration4.TestV2Flow" name="test_migration_data_preserved" time="0.457" /><testcase classname="tests.test_iteration6.TestChangeCompanyCredentials" name="test_04_non_owner_forbidden[vendedor]" time="1.116"><failure message="assert False is True">tests/test_iteration6.py:151: in test_04_non_owner_forbidden
    assert chk.json()["found"] is True
E   assert False is True</failure></testcase><testcase classname="tests.test_iteration4.TestV2Flow" name="test_setup_company_short_code" time="0.233" /><testcase classname="tests.test_iteration4.TestV2Flow" name="test_setup_company_short_password" time="0.108" /><testcase classname="tests.test_iteration4.TestV2Flow" name="test_setup_company_success" time="0.436" /><testcase classname="tests.test_iteration6.TestChangeCompanyCredentials" name="test_04_non_owner_forbidden[gerente]" time="0.188"><failure message="AssertionError: company-login failed: 401 {&quot;detail&quot;:&quot;Empresa não encontrada ou senha inválida&quot;}&#10;assert 401 == 200&#10; +  where 401 = &lt;Response [401]&gt;.status_code">tests/test_iteration6.py:144: in test_04_non_owner_forbidden
    tok = user_token(STABLE_CODE, STATE["current_company_pw"], uname, USER_PW)
          ^^^^^^^^^^^^^^^^^^^^^^^^^^^^^^^^^^^^^^^^^^^^^^^^^^^^^^^^^^^^^^^^^^^^
tests/test_iteration6.py:80: in user_token
    assert c.status_code == 200, f"company-login failed: {c.status_code} {c.text[:200]}"
E   AssertionError: company-login failed: 401 {"detail":"Empresa não encontrada ou senha inválida"}
E   assert 401 == 200
E    +  where 401 = &lt;Response [401]&gt;.status_code</failure></testcase><testcase classname="tests.test_iteration4.TestV2Flow" name="test_setup_company_duplicate_code_from_other_company" time="0.646" /><testcase classname="tests.test_iteration6.TestChangeCompanyCredentials" name="test_05_wrong_current_password" time="0.636"><failure message="assert 401 == 200&#10; +  where 401 = &lt;Response [401]&gt;.status_code">tests/test_iteration6.py:162: in test_05_wrong_current_password
    assert lg.status_code == 200
E   assert 401 == 200
E    +  where 401 = &lt;Response [401]&gt;.status_code</failure></testcase><testcase classname="tests.test_iteration4.TestV2Flow" name="test_lookup_company" time="0.148" /><testcase classname="tests.test_iteration6.TestChangeCompanyCredentials" name="test_06_empty_payload_400[payload_extra0]" time="0.286" /><testcase classname="tests.test_iteration4.TestV2Flow" name="test_lookup_company_not_found" time="0.273" /><testcase classname="tests.test_iteration6.TestChangeCompanyCredentials" name="test_06_empty_payload_400[payload_extra1]" time="0.286" /><testcase classname="tests.test_iteration4.TestV2Flow" name="test_create_vendedor" time="0.747" /><testcase classname="tests.test_iteration6.TestChangeCompanyCredentials" name="test_06_empty_payload_400[payload_extra2]" time="0.456" /><testcase classname="tests.test_iteration6.TestChangeCompanyCredentials" name="test_07_short_code_400[ab]" time="0.278" /><testcase classname="tests.test_iteration4.TestV2Flow" name="test_create_user_duplicate_username" time="0.274" /><testcase classname="tests.test_iteration6.TestChangeCompanyCredentials" name="test_07_short_code_400[!!!]" time="0.293" /><testcase classname="tests.test_iteration4.TestV2Flow" name="test_create_user_short_password" time="0.294" /><testcase classname="tests.test_iteration6.TestChangeCompanyCredentials" name="test_07_short_code_400[@@@]" time="0.283" /><testcase classname="tests.test_iteration4.TestV2Flow" name="test_update_user_name_and_password_reset" time="0.739" /><testcase classname="tests.test_iteration6.TestChangeCompanyCredentials" name="test_07_short_code_400[---]" time="0.458" /><testcase classname="tests.test_iteration6.TestChangeCompanyCredentials" name="test_07_short_code_400[   ]" time="0.282" /><testcase classname="tests.test_iteration4.TestV2Flow" name="test_cannot_demote_owner" time="0.282" /><testcase classname="tests.test_iteration6.TestChangeCompanyCredentials" name="test_07_short_code_400[-a-]" time="0.285" /><testcase classname="tests.test_iteration4.TestV2Flow" name="test_update_unknown_user_404" time="0.286" /><testcase classname="tests.test_iteration6.TestChangeCompanyCredentials" name="test_08_short_new_password_400" time="0.321" /><testcase classname="tests.test_iteration4.TestV2Flow" name="test_company_login_bad_code" time="0.321" /><testcase classname="tests.test_iteration6.TestChangeCompanyCredentials" name="test_09_duplicate_code_400[equipe-kirius]" time="0.135"><skipped type="pytest.skip" message="reference company equipe-kirius not present">/app/backend/tests/test_iteration6.py:192: reference company equipe-kirius not present</skipped></testcase><testcase classname="tests.test_iteration4.TestV2Flow" name="test_company_login_bad_password" time="0.544" /><testcase classname="tests.test_iteration6.TestChangeCompanyCredentials" name="test_09_duplicate_code_400[Equipe Kirius]" time="0.118"><skipped type="pytest.skip" message="reference company equipe-kirius not present">/app/backend/tests/test_iteration6.py:192: reference company equipe-kirius not present</skipped></testcase><testcase classname="tests.test_iteration6.TestChangeCompanyCredentials" name="test_09_duplicate_code_400[EQUIPE  KIRIUS]" time="0.269"><skipped type="pytest.skip" message="reference company equipe-kirius not present">/app/backend/tests/test_iteration6.py:192: reference company equipe-kirius not present</skipped></testcase><testcase classname="tests.test_iteration6.TestChangeCompanyCredentials" name="test_10_accent_code_ascii_folds" time="0.312" /><testcase classname="tests.test_iteration4.TestV2Flow" name="test_user_login_without_cookie" time="0.289" /><testcase classname="tests.test_iteration6.TestChangeCompanyCredentials" name="test_11_new_code_logs_in_old_code_401" time="2.004" /><testcase classname="tests.test_iteration4.TestV2Flow" name="test_two_step_login_vendedor" time="0.129"><failure message="AssertionError: {&quot;detail&quot;:&quot;Empresa não encontrada ou senha inválida&quot;}&#10;assert 401 == 200&#10; +  where 401 = &lt;Response [401]&gt;.status_code">tests/test_iteration4.py:214: in test_two_step_login_vendedor
    assert r.status_code == 200, r.text[:300]
E   AssertionError: {"detail":"Empresa não encontrada ou senha inválida"}
E   assert 401 == 200
E    +  where 401 = &lt;Response [401]&gt;.status_code</failure></testcase><testcase classname="tests.test_iteration4.TestV2Flow" name="test_owner_two_step_login" time="0.235"><failure message="AssertionError: assert 401 == 200&#10; +  where 401 = &lt;Response [401]&gt;.status_code&#10; +    where &lt;Response [401]&gt; = post('https://business-control-81.preview.emergentagent.com/api/auth/company-login', json={'code': 'qa37ec42', 'password': 'Empresa123'})&#10; +      where post = &lt;requests.sessions.Session object at 0xf86f2cc9ed10&gt;.post">tests/test_iteration4.py:232: in test_owner_two_step_login
    assert s.post(f"{BASE}/auth/company-login",
E   AssertionError: assert 401 == 200
E    +  where 401 = &lt;Response [401]&gt;.status_code
E    +    where &lt;Response [401]&gt; = post('https://business-control-81.preview.emergentagent.com/api/auth/company-login', json={'code': 'qa37ec42', 'password': 'Empresa123'})
E    +      where post = &lt;requests.sessions.Session object at 0xf86f2cc9ed10&gt;.post</failure></testcase><testcase classname="tests.test_iteration4.TestV2Flow" name="test_change_password_wrong_current" time="0.000"><failure message="KeyError: 'vend_token'">tests/test_iteration4.py:240: in test_change_password_wrong_current
    s = client_session(STATE["vend_token"])
                       ^^^^^^^^^^^^^^^^^^^
E   KeyError: 'vend_token'</failure></testcase><testcase classname="tests.test_iteration4.TestV2Flow" name="test_change_password_short_new" time="0.000"><failure message="KeyError: 'vend_token'">tests/test_iteration4.py:245: in test_change_password_short_new
    s = client_session(STATE["vend_token"])
                       ^^^^^^^^^^^^^^^^^^^
E   KeyError: 'vend_token'</failure></testcase><testcase classname="tests.test_iteration4.TestV2Flow" name="test_change_password_success" time="0.000"><failure message="KeyError: 'vend_token'">tests/test_iteration4.py:250: in test_change_password_success
    s = client_session(STATE["vend_token"])
                       ^^^^^^^^^^^^^^^^^^^
E   KeyError: 'vend_token'</failure></testcase><testcase classname="tests.test_iteration4.TestV2Flow" name="test_owner_client_product_document_crud" time="1.193" /><testcase classname="tests.test_iteration4.TestV2Flow" name="test_owner_document_update_and_convert" time="0.240" /><testcase classname="tests.test_iteration4.TestV2Flow" name="test_owner_pdf" time="0.090" /><testcase classname="tests.test_iteration4.TestV2Flow" name="test_owner_company_get_put" time="0.199" /><testcase classname="tests.test_iteration6.TestChangeCompanyCredentials" name="test_12_auth_me_reflects_new_code" time="0.107" /><testcase classname="tests.test_iteration6.TestChangeCompanyCredentials" name="test_13_change_password_only" time="1.340" /><testcase classname="tests.test_iteration4.TestV2Flow" name="test_owner_stats" time="0.467" /><testcase classname="tests.test_iteration4.TestV2Flow" name="test_vendedor_sees_shared_clients_products" time="0.000"><failure message="KeyError: 'vend_token'">tests/test_iteration4.py:334: in test_vendedor_sees_shared_clients_products
    s = client_session(STATE["vend_token"])
                       ^^^^^^^^^^^^^^^^^^^
E   KeyError: 'vend_token'</failure></testcase><testcase classname="tests.test_iteration4.TestV2Flow" name="test_vendedor_documents_scoped" time="0.000"><failure message="KeyError: 'vend_token'">tests/test_iteration4.py:342: in test_vendedor_documents_scoped
    s = client_session(STATE["vend_token"])
                       ^^^^^^^^^^^^^^^^^^^
E   KeyError: 'vend_token'</failure></testcase><testcase classname="tests.test_iteration4.TestV2Flow" name="test_vendedor_creates_own_doc_and_pdf" time="0.000"><failure message="KeyError: 'vend_token'">tests/test_iteration4.py:354: in test_vendedor_creates_own_doc_and_pdf
    s = client_session(STATE["vend_token"])
                       ^^^^^^^^^^^^^^^^^^^
E   KeyError: 'vend_token'</failure></testcase><testcase classname="tests.test_iteration4.TestV2Flow" name="test_vendedor_stats_scope_own" time="0.000"><failure message="KeyError: 'vend_token'">tests/test_iteration4.py:371: in test_vendedor_stats_scope_own
    s = client_session(STATE["vend_token"])
                       ^^^^^^^^^^^^^^^^^^^
E   KeyError: 'vend_token'</failure></testcase><testcase classname="tests.test_iteration4.TestV2Flow" name="test_vendedor_forbidden_endpoints" time="0.000"><failure message="KeyError: 'vend_token'">tests/test_iteration4.py:382: in test_vendedor_forbidden_endpoints
    s = client_session(STATE["vend_token"])
                       ^^^^^^^^^^^^^^^^^^^
E   KeyError: 'vend_token'</failure></testcase><testcase classname="tests.test_iteration4.TestV2Flow" name="test_vendedor_cannot_use_owner_login" time="0.539" /><testcase classname="tests.test_iteration4.TestV2Flow" name="test_gerente_can_update_company_but_not_users" time="0.946"><failure message="AssertionError: assert 401 == 200&#10; +  where 401 = &lt;Response [401]&gt;.status_code&#10; +    where &lt;Response [401]&gt; = post('https://business-control-81.preview.emergentagent.com/api/auth/company-login', json={'code': 'qa37ec42', 'password': 'Empresa123'})&#10; +      where post = &lt;requests.sessions.Session object at 0xf86f2cb63050&gt;.post">tests/test_iteration4.py:405: in test_gerente_can_update_company_but_not_users
    assert s.post(f"{BASE}/auth/company-login",
E   AssertionError: assert 401 == 200
E    +  where 401 = &lt;Response [401]&gt;.status_code
E    +    where &lt;Response [401]&gt; = post('https://business-control-81.preview.emergentagent.com/api/auth/company-login', json={'code': 'qa37ec42', 'password': 'Empresa123'})
E    +      where post = &lt;requests.sessions.Session object at 0xf86f2cb63050&gt;.post</failure></testcase><testcase classname="tests.test_iteration6.TestChangeCompanyCredentials" name="test_14_change_code_and_password_together" time="1.583" /><testcase classname="tests.test_iteration4.TestV2Flow" name="test_oauth_bad_session" time="0.261" /><testcase classname="tests.test_iteration4.TestV2Flow" name="test_yy_edge_cases" time="0.000"><failure message="KeyError: 'vend_token'">tests/test_iteration4.py:425: in test_yy_edge_cases
    s = client_session(STATE["vend_token"])
                       ^^^^^^^^^^^^^^^^^^^
E   KeyError: 'vend_token'</failure></testcase><testcase classname="tests.test_iteration4.TestV2Flow" name="test_zz_cleanup" time="1.505" /><testcase classname="tests.test_iteration6.TestChangeCompanyCredentials" name="test_15_lookup_company_empty_slug[   ]" time="0.130" /><testcase classname="tests.test_iteration6.TestChangeCompanyCredentials" name="test_15_lookup_company_empty_slug[!!!]" time="0.195" /><testcase classname="tests.test_iteration6.TestChangeCompanyCredentials" name="test_15_lookup_company_empty_slug[@@@]" time="0.122" /><testcase classname="tests.test_iteration6.TestChangeCompanyCredentials" name="test_15_lookup_company_empty_slug[---]" time="0.127" /><testcase classname="tests.test_iteration6.TestChangeCompanyCredentials" name="test_15_lookup_company_empty_slug[]" time="0.296" /><testcase classname="tests.test_iteration6.TestChangeCompanyCredentials" name="test_16_company_login_empty_slug[   ]" time="0.106" /><testcase classname="tests.test_iteration5.TestSlugifyParity" name="test_00_health" time="0.118" /><testcase classname="tests.test_iteration6.TestChangeCompanyCredentials" name="test_16_company_login_empty_slug[!!!]" time="0.133" /><testcase classname="tests.test_iteration5.TestSlugifyParity" name="test_company_login_variants_ok[gestor360]" time="0.368" /><testcase classname="tests.test_iteration6.TestChangeCompanyCredentials" name="test_16_company_login_empty_slug[@@@]" time="0.300" /><testcase classname="tests.test_iteration5.TestSlugifyParity" name="test_company_login_variants_ok[Gestor360]" time="0.345" /><testcase classname="tests.test_iteration6.TestChangeCompanyCredentials" name="test_16_company_login_empty_slug[---]" time="0.343" /><testcase classname="tests.test_iteration5.TestSlugifyParity" name="test_company_login_variants_ok[GESTOR360]" time="0.363" /><testcase classname="tests.test_iteration6.TestChangeCompanyCredentials" name="test_16_company_login_empty_slug[]" time="0.122" /><testcase classname="tests.test_iteration6.TestChangeCompanyCredentials" name="test_17_restore_stable_and_two_step" time="0.475"><failure message="AssertionError: {&quot;detail&quot;:&quot;Senha atual da empresa incorreta&quot;}&#10;assert 400 == 200&#10; +  where 400 = &lt;Response [400]&gt;.status_code">tests/test_iteration6.py:278: in test_17_restore_stable_and_two_step
    assert r.status_code == 200, r.text[:300]
E   AssertionError: {"detail":"Senha atual da empresa incorreta"}
E   assert 400 == 200
E    +  where 400 = &lt;Response [400]&gt;.status_code</failure></testcase><testcase classname="tests.test_iteration5.TestSlugifyParity" name="test_company_login_variants_ok[ gestor360 ]" time="0.494" /><testcase classname="tests.test_iteration6.TestChangeCompanyCredentials" name="test_18_regression_owner_crud" time="1.320" /><testcase classname="tests.test_iteration5.TestSlugifyParity" name="test_company_login_variants_ok[  Gestor360]" time="0.352" /><testcase classname="tests.test_iteration5.TestSlugifyParity" name="test_company_login_space_variant_not_found" time="0.145" /><testcase classname="tests.test_iteration5.TestSlugifyParity" name="test_company_login_bad_password" time="0.353" /><testcase classname="tests.test_iteration5.TestSlugifyParity" name="test_company_login_nonexistent_code" time="0.148" /><testcase classname="tests.test_iteration5.TestSlugifyParity" name="test_company_login_empty_slug_code" time="0.995" /><testcase classname="tests.test_iteration6.TestChangeCompanyCredentials" name="test_19_regression_gerente_vendedor" time="2.688" /><testcase classname="tests.test_iteration5.TestSlugifyParity" name="test_lookup_company_kirius_variants[equipe-kirius]" time="0.194"><failure message="AssertionError: 'equipe-kirius' -&gt; {'found': False}&#10;assert False is True">tests/test_iteration5.py:110: in test_lookup_company_kirius_variants
    assert d["found"] is True, f"{code_variant!r} -&gt; {d}"
E   AssertionError: 'equipe-kirius' -&gt; {'found': False}
E   assert False is True</failure></testcase><testcase classname="tests.test_iteration5.TestSlugifyParity" name="test_lookup_company_kirius_variants[Equipe Kirius]" time="0.141"><failure message="AssertionError: 'Equipe Kirius' -&gt; {'found': False}&#10;assert False is True">tests/test_iteration5.py:110: in test_lookup_company_kirius_variants
    assert d["found"] is True, f"{code_variant!r} -&gt; {d}"
E   AssertionError: 'Equipe Kirius' -&gt; {'found': False}
E   assert False is True</failure></testcase><testcase classname="tests.test_iteration5.TestSlugifyParity" name="test_lookup_company_kirius_variants[EQUIPE KIRIUS]" time="0.214"><failure message="AssertionError: 'EQUIPE KIRIUS' -&gt; {'found': False}&#10;assert False is True">tests/test_iteration5.py:110: in test_lookup_company_kirius_variants
    assert d["found"] is True, f"{code_variant!r} -&gt; {d}"
E   AssertionError: 'EQUIPE KIRIUS' -&gt; {'found': False}
E   assert False is True</failure></testcase><testcase classname="tests.test_iteration5.TestSlugifyParity" name="test_lookup_company_kirius_variants[equipe kirius]" time="0.271"><failure message="AssertionError: 'equipe kirius' -&gt; {'found': False}&#10;assert False is True">tests/test_iteration5.py:110: in test_lookup_company_kirius_variants
    assert d["found"] is True, f"{code_variant!r} -&gt; {d}"
E   AssertionError: 'equipe kirius' -&gt; {'found': False}
E   assert False is True</failure></testcase><testcase classname="tests.test_iteration5.TestSlugifyParity" name="test_lookup_company_kirius_variants[ equipe-kirius ]" time="0.284"><failure message="AssertionError: ' equipe-kirius ' -&gt; {'found': False}&#10;assert False is True">tests/test_iteration5.py:110: in test_lookup_company_kirius_variants
    assert d["found"] is True, f"{code_variant!r} -&gt; {d}"
E   AssertionError: ' equipe-kirius ' -&gt; {'found': False}
E   assert False is True</failure></testcase><testcase classname="tests.test_iteration5.TestSlugifyParity" name="test_company_login_kirius_normalizes_to_401_wrong_pw[Equipe Kirius]" time="0.155" /><testcase classname="tests.test_iteration5.TestSlugifyParity" name="test_company_login_kirius_normalizes_to_401_wrong_pw[EQUIPE KIRIUS]" time="0.203" /><testcase classname="tests.test_iteration5.TestSlugifyParity" name="test_company_login_kirius_normalizes_to_401_wrong_pw[equipe kirius]" time="0.142" /><testcase classname="tests.test_iteration5.TestSlugifyParity" name="test_lookup_company_empty_slug" time="0.423" /><testcase classname="tests.test_iteration6.TestChangeCompanyCredentials" name="test_20_cleanup_test_data" time="1.552"><error message="failed on teardown with &quot;AssertionError: post-restore company-login broken: 401&#10;assert 401 == 200&#10; +  where 401 = &lt;Response [401]&gt;.status_code&quot;">tests/test_iteration6.py:99: in restore_company
    assert lg.status_code == 200, f"post-restore company-login broken: {lg.status_code}"
E   AssertionError: post-restore company-login broken: 401
E   assert 401 == 200
E    +  where 401 = &lt;Response [401]&gt;.status_code</error></testcase><testcase classname="tests.test_iteration5.TestSlugifyParity" name="test_lookup_company_not_found" time="0.158" /><testcase classname="tests.test_iteration5.TestSlugifyParity" name="test_yy_setup_with_spaces_then_login_raw" time="3.069" /><testcase classname="tests.test_iteration7.TestCostPrice" name="test_health" time="0.122" /><testcase classname="tests.test_iteration7.TestCostPrice" name="test_owner_create_product_with_cost_price" time="0.741" /><testcase classname="tests.test_iteration7.TestCostPrice" name="test_owner_update_cost_price_persists" time="0.402" /><testcase classname="tests.test_iteration7.TestCostPrice" name="test_update_nonexistent_product_404" time="0.282" /><testcase classname="tests.test_iteration7.TestCostPrice" name="test_legacy_product_without_cost_price_key" time="0.398" /><testcase classname="tests.test_iteration7.TestCostPrice" name="test_create_temp_users" time="1.032"><failure message="AssertionError: company-login failed: 401 {&quot;detail&quot;:&quot;Empresa não encontrada ou senha inválida&quot;}&#10;assert 401 == 200&#10; +  where 401 = &lt;Response [401]&gt;.status_code">tests/test_iteration7.py:159: in test_create_temp_users
    tok, must = _two_step_token(VEND_USERNAME, VEND_PW)
                ^^^^^^^^^^^^^^^^^^^^^^^^^^^^^^^^^^^^^^^
tests/test_iteration7.py:77: in _two_step_token
    assert r.status_code == 200, f"company-login failed: {r.status_code} {r.text[:200]}"
E   AssertionError: company-login failed: 401 {"detail":"Empresa não encontrada ou senha inválida"}
E   assert 401 == 200
E    +  where 401 = &lt;Response [401]&gt;.status_code</failure></testcase><testcase classname="tests.test_iteration5.TestSlugifyParity" name="test_yy2_setup_with_accents" time="1.041" /><testcase classname="tests.test_iteration7.TestCostPrice" name="test_vendedor_cannot_see_cost_price" time="0.000"><failure message="KeyError: 'vend_token'">tests/test_iteration7.py:172: in test_vendedor_cannot_see_cost_price
    s = sess(STATE["vend_token"])
             ^^^^^^^^^^^^^^^^^^^
E   KeyError: 'vend_token'</failure></testcase><testcase classname="tests.test_iteration5.TestSlugifyParity" name="test_zz_restore_stable_code_and_two_step" time="1.072" /><testcase classname="tests.test_iteration7.TestCostPrice" name="test_vendedor_create_ignores_cost_price" time="0.000"><failure message="KeyError: 'vend_token'">tests/test_iteration7.py:184: in test_vendedor_create_ignores_cost_price
    s = sess(STATE["vend_token"])
             ^^^^^^^^^^^^^^^^^^^
E   KeyError: 'vend_token'</failure></testcase><testcase classname="tests.test_iteration7.TestCostPrice" name="test_vendedor_update_preserves_owner_cost_price" time="0.000"><failure message="KeyError: 'vend_token'">tests/test_iteration7.py:196: in test_vendedor_update_preserves_owner_cost_price
    s = sess(STATE["vend_token"])
             ^^^^^^^^^^^^^^^^^^^
E   KeyError: 'vend_token'</failure></testcase><testcase classname="tests.test_iteration7.TestCostPrice" name="test_gerente_sees_cost_price" time="0.000"><failure message="KeyError: 'ger_token'">tests/test_iteration7.py:208: in test_gerente_sees_cost_price
    s = sess(STATE["ger_token"])
             ^^^^^^^^^^^^^^^^^^
E   KeyError: 'ger_token'</failure></testcase><testcase classname="tests.test_iteration7.TestCostPrice" name="test_gerente_can_set_cost_price" time="0.000"><failure message="KeyError: 'ger_token'">tests/test_iteration7.py:215: in test_gerente_can_set_cost_price
    s = sess(STATE["ger_token"])
             ^^^^^^^^^^^^^^^^^^
E   KeyError: 'ger_token'</failure></testcase><testcase classname="tests.test_iteration7.TestCostPrice" name="test_orcamento_flow_and_pdf" time="0.905"><failure message="AssertionError: cost_price mutated by stock update&#10;assert 60.0 == 65.0">tests/test_iteration7.py:249: in test_orcamento_flow_and_pdf
    assert row["cost_price"] == 65.0, "cost_price mutated by stock update"
E   AssertionError: cost_price mutated by stock update
E   assert 60.0 == 65.0</failure></testcase><testcase classname="tests.test_iteration7.TestCostPrice" name="test_vendedor_pdf_of_own_doc_with_new_field" time="0.000"><failure message="KeyError: 'vend_token'">tests/test_iteration7.py:252: in test_vendedor_pdf_of_own_doc_with_new_field
    s = sess(STATE["vend_token"])
             ^^^^^^^^^^^^^^^^^^^
E   KeyError: 'vend_token'</failure></testcase><testcase classname="tests.test_iteration7.TestCostPrice" name="test_stats_still_ok" time="0.085" /><testcase classname="tests.test_iteration7.TestCostPrice" name="test_yy_edge_findings" time="0.143" /><testcase classname="tests.test_iteration7.TestCostPrice" name="test_zz_cleanup" time="0.882" /><testcase classname="tests.test_iteration8.TestPdfTimezone" name="test_01_pdf_acre_tz" time="0.774" /><testcase classname="tests.test_iteration8.TestPdfTimezone" name="test_02_pdf_sao_paulo_tz" time="0.081" /><testcase classname="tests.test_iteration8.TestPdfTimezone" name="test_03_shift_between_tz_is_2h" time="0.001" /><testcase classname="tests.test_iteration8.TestPdfTimezone" name="test_04_pdf_utc_tz" time="0.076" /><testcase classname="tests.test_iteration8.TestPdfTimezone" name="test_05_no_tz_param_defaults_to_sao_paulo" time="0.096" /><testcase classname="tests.backend_test.TestRegression" name="test_get_endpoints_200[/clients]" time="0.001"><skipped type="pytest.skip" message="No credentials found in test_credentials.md">/app/backend/tests/backend_test.py:192: No credentials found in test_credentials.md</skipped></testcase><testcase classname="tests.backend_test.TestRegression" name="test_get_endpoints_200[/products]" time="0.000"><skipped type="pytest.skip" message="No credentials found in test_credentials.md">/app/backend/tests/backend_test.py:192: No credentials found in test_credentials.md</skipped></testcase><testcase classname="tests.backend_test.TestRegression" name="test_get_endpoints_200[/documents]" time="0.000"><skipped type="pytest.skip" message="No credentials found in test_credentials.md">/app/backend/tests/backend_test.py:192: No credentials found in test_credentials.md</skipped></testcase><testcase classname="tests.backend_test.TestRegression" name="test_get_endpoints_200[/stats]" time="0.000"><skipped type="pytest.skip" message="No credentials found in test_credentials.md">/app/backend/tests/backend_test.py:192: No credentials found in test_credentials.md</skipped></testcase><testcase classname="tests.backend_test.TestRegression" name="test_get_endpoints_200[/company]" time="0.000"><skipped type="pytest.skip" message="No credentials found in test_credentials.md">/app/backend/tests/backend_test.py:192: No credentials found in test_credentials.md</skipped></testcase><testcase classname="tests.backend_test.TestRegression" name="test_stats_shape" time="0.000"><skipped type="pytest.skip" message="No credentials found in test_credentials.md">/app/backend/tests/backend_test.py:203: No credentials found in test_credentials.md</skipped></testcase><testcase classname="tests.backend_test.TestRegression" name="test_client_update_persists" time="0.000"><skipped type="pytest.skip" message="No credentials found in test_credentials.md">/app/backend/tests/backend_test.py:210: No credentials found in test_credentials.md</skipped></testcase><testcase classname="tests.backend_test.TestRegression" name="test_product_search_by_description_data_available" time="0.000"><skipped type="pytest.skip" message="No credentials found in test_credentials.md">/app/backend/tests/backend_test.py:223: No credentials found in test_credentials.md</skipped></testcase><testcase classname="tests.test_iteration3.TestDocumentPayments" name="test_create_persists_payments" time="0.000"><skipped type="pytest.skip" message="No credentials in test_credentials.md">/app/backend/tests/test_iteration3.py:179: No credentials in test_credentials.md</skipped></testcase><testcase classname="tests.test_iteration3.TestDocumentPayments" name="test_all_payment_methods_accepted[pix]" time="0.000"><skipped type="pytest.skip" message="No credentials in test_credentials.md">/app/backend/tests/test_iteration3.py:196: No credentials in test_credentials.md</skipped></testcase><testcase classname="tests.test_iteration3.TestDocumentPayments" name="test_all_payment_methods_accepted[dinheiro]" time="0.000"><skipped type="pytest.skip" message="No credentials in test_credentials.md">/app/backend/tests/test_iteration3.py:196: No credentials in test_credentials.md</skipped></testcase><testcase classname="tests.test_iteration3.TestDocumentPayments" name="test_all_payment_methods_accepted[credito]" time="0.000"><skipped type="pytest.skip" message="No credentials in test_credentials.md">/app/backend/tests/test_iteration3.py:196: No credentials in test_credentials.md</skipped></testcase><testcase classname="tests.test_iteration3.TestDocumentPayments" name="test_all_payment_methods_accepted[debito]" time="0.000"><skipped type="pytest.skip" message="No credentials in test_credentials.md">/app/backend/tests/test_iteration3.py:196: No credentials in test_credentials.md</skipped></testcase><testcase classname="tests.test_iteration3.TestDocumentPayments" name="test_all_payment_methods_accepted[boleto]" time="0.000"><skipped type="pytest.skip" message="No credentials in test_credentials.md">/app/backend/tests/test_iteration3.py:196: No credentials in test_credentials.md</skipped></testcase><testcase classname="tests.test_iteration3.TestDocumentPayments" name="test_all_payment_methods_accepted[transferencia]" time="0.000"><skipped type="pytest.skip" message="No credentials in test_credentials.md">/app/backend/tests/test_iteration3.py:196: No credentials in test_credentials.md</skipped></testcase><testcase classname="tests.test_iteration3.TestDocumentPayments" name="test_empty_description_line_allowed" time="0.000"><skipped type="pytest.skip" message="No credentials in test_credentials.md">/app/backend/tests/test_iteration3.py:208: No credentials in test_credentials.md</skipped></testcase><testcase classname="tests.test_iteration3.TestDocumentUpdate" name="test_update_lines_preserves_metadata" time="0.000"><skipped type="pytest.skip" message="No credentials in test_credentials.md">/app/backend/tests/test_iteration3.py:221: No credentials in test_credentials.md</skipped></testcase><testcase classname="tests.test_iteration3.TestDocumentUpdate" name="test_update_payments_and_notes" time="0.000"><skipped type="pytest.skip" message="No credentials in test_credentials.md">/app/backend/tests/test_iteration3.py:252: No credentials in test_credentials.md</skipped></testcase><testcase classname="tests.test_iteration3.TestDocumentUpdate" name="test_update_client_id_valid" time="0.000"><skipped type="pytest.skip" message="No credentials in test_credentials.md">/app/backend/tests/test_iteration3.py:267: No credentials in test_credentials.md</skipped></testcase><testcase classname="tests.test_iteration3.TestDocumentUpdate" name="test_update_invalid_client_400" time="0.000"><skipped type="pytest.skip" message="No credentials in test_credentials.md">/app/backend/tests/test_iteration3.py:279: No credentials in test_credentials.md</skipped></testcase><testcase classname="tests.test_iteration3.TestDocumentUpdate" name="test_update_unknown_doc_404" time="0.000"><skipped type="pytest.skip" message="No credentials in test_credentials.md">/app/backend/tests/test_iteration3.py:284: No credentials in test_credentials.md</skipped></testcase><testcase classname="tests.test_iteration3.TestDocumentUpdate" name="test_update_requires_auth" time="0.000"><skipped type="pytest.skip" message="No credentials in test_credentials.md">/app/backend/tests/test_iteration3.py:288: No credentials in test_credentials.md</skipped></testcase><testcase classname="tests.test_iteration3.TestDocumentUpdate" name="test_empty_body_is_noop" time="0.000"><skipped type="pytest.skip" message="No credentials in test_credentials.md">/app/backend/tests/test_iteration3.py:292: No credentials in test_credentials.md</skipped></testcase><testcase classname="tests.test_iteration3.TestRegressionIt3" name="test_endpoints_200[/clients]" time="0.000"><skipped type="pytest.skip" message="No credentials in test_credentials.md">/app/backend/tests/test_iteration3.py:343: No credentials in test_credentials.md</skipped></testcase><testcase classname="tests.test_iteration3.TestRegressionIt3" name="test_endpoints_200[/products]" time="0.000"><skipped type="pytest.skip" message="No credentials in test_credentials.md">/app/backend/tests/test_iteration3.py:343: No credentials in test_credentials.md</skipped></testcase><testcase classname="tests.test_iteration3.TestRegressionIt3" name="test_endpoints_200[/documents]" time="0.000"><skipped type="pytest.skip" message="No credentials in test_credentials.md">/app/backend/tests/test_iteration3.py:343: No credentials in test_credentials.md</skipped></testcase><testcase classname="tests.test_iteration3.TestRegressionIt3" name="test_endpoints_200[/stats]" time="0.000"><skipped type="pytest.skip" message="No credentials in test_credentials.md">/app/backend/tests/test_iteration3.py:343: No credentials in test_credentials.md</skipped></testcase><testcase classname="tests.test_iteration3.TestRegressionIt3" name="test_endpoints_200[/company]" time="0.000"><skipped type="pytest.skip" message="No credentials in test_credentials.md">/app/backend/tests/test_iteration3.py:343: No credentials in test_credentials.md</skipped></testcase><testcase classname="tests.test_iteration3.TestRegressionIt3" name="test_endpoints_200[/]" time="0.000"><skipped type="pytest.skip" message="No credentials in test_credentials.md">/app/backend/tests/test_iteration3.py:343: No credentials in test_credentials.md</skipped></testcase><testcase classname="tests.test_iteration3.TestRegressionIt3" name="test_bad_token_401" time="0.124" /><testcase classname="tests.test_iteration8.TestPdfTimezone" name="test_06_invalid_tz_falls_back_silently" time="0.085" /><testcase classname="tests.test_iteration8.TestPdfTimezone" name="test_07_empty_tz_param" time="0.075" /><testcase classname="tests.backend_test.TestProductUnits" name="test_create_product_with_unit_persists[KG]" time="0.000"><skipped type="pytest.skip" message="No credentials found in test_credentials.md">/app/backend/tests/backend_test.py:77: No credentials found in test_credentials.md</skipped></testcase><testcase classname="tests.backend_test.TestProductUnits" name="test_create_product_with_unit_persists[CX]" time="0.000"><skipped type="pytest.skip" message="No credentials found in test_credentials.md">/app/backend/tests/backend_test.py:77: No credentials found in test_credentials.md</skipped></testcase><testcase classname="tests.backend_test.TestProductUnits" name="test_create_product_with_unit_persists[PCT]" time="0.000"><skipped type="pytest.skip" message="No credentials found in test_credentials.md">/app/backend/tests/backend_test.py:77: No credentials found in test_credentials.md</skipped></testcase><testcase classname="tests.backend_test.TestProductUnits" name="test_create_product_with_unit_persists[PAR]" time="0.000"><skipped type="pytest.skip" message="No credentials found in test_credentials.md">/app/backend/tests/backend_test.py:77: No credentials found in test_credentials.md</skipped></testcase><testcase classname="tests.backend_test.TestProductUnits" name="test_all_units_accepted" time="0.000"><skipped type="pytest.skip" message="No credentials found in test_credentials.md">/app/backend/tests/backend_test.py:101: No credentials found in test_credentials.md</skipped></testcase><testcase classname="tests.backend_test.TestProductUnits" name="test_duplicate_code_rejected" time="0.000"><skipped type="pytest.skip" message="No credentials found in test_credentials.md">/app/backend/tests/backend_test.py:109: No credentials found in test_credentials.md</skipped></testcase><testcase classname="tests.backend_test.TestEndToEndPdf" name="test_full_flow_client_product_orcamento_pdf" time="0.000"><skipped type="pytest.skip" message="No credentials found in test_credentials.md">/app/backend/tests/backend_test.py:120: No credentials found in test_credentials.md</skipped></testcase><testcase classname="tests.backend_test.TestEndToEndPdf" name="test_pdf_unknown_doc_404" time="0.000"><skipped type="pytest.skip" message="No credentials found in test_credentials.md">/app/backend/tests/backend_test.py:180: No credentials found in test_credentials.md</skipped></testcase><testcase classname="tests.backend_test.TestEndToEndPdf" name="test_pdf_requires_auth" time="0.000"><skipped type="pytest.skip" message="No credentials found in test_credentials.md">/app/backend/tests/backend_test.py:184: No credentials found in test_credentials.md</skipped></testcase><testcase classname="tests.backend_test.TestAuth" name="test_login_returns_token" time="0.000"><skipped type="pytest.skip" message="No credentials found in test_credentials.md">/app/backend/tests/backend_test.py:63: No credentials found in test_credentials.md</skipped></testcase><testcase classname="tests.backend_test.TestAuth" name="test_unauthenticated_401" time="0.135" /><testcase classname="tests.test_iteration8.TestPdfTimezone" name="test_08_boleto_installment_dates_local_tz" time="0.000" /><testcase classname="tests.test_iteration8.TestPdfTimezone" name="test_09_boleto_dates_shift_with_tz" time="0.085" /><testcase classname="tests.test_iteration3.TestClientNewFields" name="test_create_persists_structured_fields" time="0.000"><skipped type="pytest.skip" message="No credentials in test_credentials.md">/app/backend/tests/test_iteration3.py:93: No credentials in test_credentials.md</skipped></testcase><testcase classname="tests.test_iteration8.TestPdfTimezone" name="test_10_footer_date_in_requested_tz" time="0.418" /><testcase classname="tests.test_iteration3.TestClientNewFields" name="test_update_preserves_new_fields" time="0.000"><skipped type="pytest.skip" message="No credentials in test_credentials.md">/app/backend/tests/test_iteration3.py:108: No credentials in test_credentials.md</skipped></testcase><testcase classname="tests.test_iteration3.TestConvertWithPayments" name="test_convert_copies_lines" time="0.001"><skipped type="pytest.skip" message="No credentials in test_credentials.md">/app/backend/tests/test_iteration3.py:312: No credentials in test_credentials.md</skipped></testcase><testcase classname="tests.test_iteration3.TestConvertWithPayments" name="test_converted_venda_has_payments_key" time="0.000"><skipped type="pytest.skip" message="No credentials in test_credentials.md">/app/backend/tests/test_iteration3.py:330: No credentials in test_credentials.md</skipped></testcase><testcase classname="tests.test_iteration3.TestPdfWithPayments" name="test_pdf_renders" time="0.000"><skipped type="pytest.skip" message="No credentials in test_credentials.md">/app/backend/tests/test_iteration3.py:302: No credentials in test_credentials.md</skipped></testcase><testcase classname="tests.test_iteration8.TestRegression" name="test_11_documents_list_and_stats" time="0.769" /><testcase classname="tests.test_iteration8.TestRegression" name="test_12_venda_pdf_no_validade" time="0.373" /><testcase classname="tests.test_iteration3.TestCompanyIE" name="test_put_and_get_ie" time="0.000"><skipped type="pytest.skip" message="No credentials in test_credentials.md">/app/backend/tests/test_iteration3.py:128: No credentials in test_credentials.md</skipped></testcase></testsuite></testsuites>