<?xml version="1.0" encoding="utf-8"?><testsuites name="pytest tests"><testsuite name="pytest" errors="0" failures="0" skipped="0" tests="19" time="5.322" timestamp="2026-08-31T13:57:24.285453+00:00" hostname="agent-env-efb34f20-8c59-4f82-978d-af239d835215"><testcase classname="tests.backend_test.TestRegression" name="test_get_endpoints_200[/clients]" time="0.666" /><testcase classname="tests.backend_test.TestRegression" name="test_get_endpoints_200[/products]" time="0.058" /><testcase classname="tests.backend_test.TestProductUnits" name="test_create_product_with_unit_persists[KG]" time="0.866" /><testcase classname="tests.backend_test.TestRegression" name="test_get_endpoints_200[/documents]" time="0.118" /><testcase classname="tests.backend_test.TestRegression" name="test_get_endpoints_200[/stats]" time="0.061" /><testcase classname="tests.backend_test.TestProductUnits" name="test_create_product_with_unit_persists[CX]" time="0.202" /><testcase classname="tests.backend_test.TestRegression" name="test_get_endpoints_200[/company]" time="0.091" /><testcase classname="tests.backend_test.TestRegression" name="test_stats_shape" time="0.069" /><testcase classname="tests.backend_test.TestRegression" name="test_client_update_persists" time="0.398" /><testcase classname="tests.backend_test.TestProductUnits" name="test_create_product_with_unit_persists[PCT]" time="0.140" /><testcase classname="tests.backend_test.TestProductUnits" name="test_create_product_with_unit_persists[PAR]" time="0.181" /><testcase classname="tests.backend_test.TestProductUnits" name="test_all_units_accepted" time="1.601" /><testcase classname="tests.backend_test.TestRegression" name="test_product_search_by_description_data_available" time="0.067" /><testcase classname="tests.backend_test.TestEndToEndPdf" name="test_full_flow_client_product_orcamento_pdf" time="0.617" /><testcase classname="tests.backend_test.TestEndToEndPdf" name="test_pdf_unknown_doc_404" time="0.063" /><testcase classname="tests.backend_test.TestEndToEndPdf" name="test_pdf_requires_auth" time="0.551" /><testcase classname="tests.backend_test.TestProductUnits" name="test_duplicate_code_rejected" time="0.139" /><testcase classname="tests.backend_test.TestAuth" name="test_login_returns_token" time="0.067" /><testcase classname="tests.backend_test.TestAuth" name="test_unauthenticated_401" time="1.611" /></testsuite></testsuites>